{
  "0 debug pnpm:scope": {
    "selected": 1,
    "workspacePrefix": "C:\\development\\Web Development\\prisma\\create-prisma-generator"
  },
  "1 error pnpm": {
    "errno": 2,
    "code": "ELIFECYCLE",
    "pkgid": "$PACKAGE_NAME@1.0.0",
    "stage": "build",
    "script": "npx tsc",
    "pkgname": "$PACKAGE_NAME",
    "err": {
      "name": "pnpm",
      "message": "$PACKAGE_NAME@1.0.0 build: `npx tsc`\nExit status 2",
      "code": "ELIFECYCLE",
      "stack": "pnpm: $PACKAGE_NAME@1.0.0 build: `npx tsc`\nExit status 2\n    at EventEmitter.<anonymous> (C:\\Users\\yassi\\AppData\\Roaming\\nvm\\v16.13.0\\node_modules\\pnpm\\dist\\pnpm.cjs:103540:20)\n    at EventEmitter.emit (node:events:390:28)\n    at ChildProcess.<anonymous> (C:\\Users\\yassi\\AppData\\Roaming\\nvm\\v16.13.0\\node_modules\\pnpm\\dist\\pnpm.cjs:91469:18)\n    at ChildProcess.emit (node:events:390:28)\n    at maybeClose (node:internal/child_process:1064:16)\n    at Process.ChildProcess._handle.onexit (node:internal/child_process:301:5)"
    }
  },
  "2 warn pnpm:global": " Local package.json exists, but node_modules missing, did you mean to install?"
}